0 info it worked if it ends with ok
1 verbose cli [ 'node',
1 verbose cli   '/usr/local/lib/node_modules/cnpm/node_modules/.bin/npm',
1 verbose cli   '--userconfig=/home/ney/.cnpmrc',
1 verbose cli   '--disturl=http://npm.taobao.org/mirrors/node',
1 verbose cli   '--cache=/home/ney/.cnpm',
1 verbose cli   '--registry=http://registry.npm.taobao.org',
1 verbose cli   '--node-gyp=/usr/local/lib/node_modules/cnpm/node_modules/pangyp/bin/node-gyp.js',
1 verbose cli   'install' ]
2 info using npm@2.7.4
3 info using node@v0.12.0
4 error install Couldn't read dependencies
5 verbose stack Error: ENOENT, open '/home/ney/qdiscuss/forum/system/core/js/package.json'
5 verbose stack     at Error (native)
6 verbose cwd /home/ney/qdiscuss/forum/system/core/js
7 error Linux 3.13.0-24-generic
8 error argv "node" "/usr/local/lib/node_modules/cnpm/node_modules/.bin/npm" "--userconfig=/home/ney/.cnpmrc" "--disturl=http://npm.taobao.org/mirrors/node" "--cache=/home/ney/.cnpm" "--registry=http://registry.npm.taobao.org" "--node-gyp=/usr/local/lib/node_modules/cnpm/node_modules/pangyp/bin/node-gyp.js" "install"
9 error node v0.12.0
10 error npm  v2.7.4
11 error path /home/ney/qdiscuss/forum/system/core/js/package.json
12 error code ENOPACKAGEJSON
13 error errno -2
14 error package.json ENOENT, open '/home/ney/qdiscuss/forum/system/core/js/package.json'
14 error package.json This is most likely not a problem with npm itself.
14 error package.json npm can't find a package.json file in your current directory.
15 verbose exit [ -2, true ]
